#-----------------------------------------------------------
# Vivado v2019.2 (64-bit)
# SW Build 2708876 on Wed Nov  6 21:40:23 MST 2019
# IP Build 2700528 on Thu Nov  7 00:09:20 MST 2019
# Start of session at: Tue Apr 21 12:24:16 2020
# Process ID: 4164
# Current directory: C:/Users/dylma/Documents/GitHub/CISC24/CISC24
# Command line: vivado.exe -gui_launcher_event rodinguilauncherevent16132 C:\Users\dylma\Documents\GitHub\CISC24\CISC24\CISC24.xpr
# Log file: C:/Users/dylma/Documents/GitHub/CISC24/CISC24/vivado.log
# Journal file: C:/Users/dylma/Documents/GitHub/CISC24/CISC24\vivado.jou
#-----------------------------------------------------------
start_gui
open_project C:/Users/dylma/Documents/GitHub/CISC24/CISC24/CISC24.xpr
Scanning sources...
Finished scanning sources
INFO: [IP_Flow 19-234] Refreshing IP repositories
INFO: [IP_Flow 19-1704] No user IP repositories specified
INFO: [IP_Flow 19-2313] Loaded Vivado IP repository 'C:/Xilinx/Vivado/2019.2/data/ip'.
open_project: Time (s): cpu = 00:00:17 ; elapsed = 00:00:07 . Memory (MB): peak = 778.785 ; gain = 111.832
update_compile_order -fileset sources_1
exit
INFO: [Common 17-206] Exiting Vivado at Tue Apr 21 13:18:28 2020...
