#-----------------------------------------------------------
# Vivado v2019.2 (64-bit)
# SW Build 2708876 on Wed Nov  6 21:40:23 MST 2019
# IP Build 2700528 on Thu Nov  7 00:09:20 MST 2019
# Start of session at: Sat Apr  4 18:33:36 2020
# Process ID: 18280
# Current directory: C:/Users/dylma/Documents/GitHub/CISC24/CISC24
# Command line: vivado.exe -gui_launcher_event rodinguilauncherevent8104 C:\Users\dylma\Documents\GitHub\CISC24\CISC24\CISC24.xpr
# Log file: C:/Users/dylma/Documents/GitHub/CISC24/CISC24/vivado.log
# Journal file: C:/Users/dylma/Documents/GitHub/CISC24/CISC24\vivado.jou
#-----------------------------------------------------------
start_gui
open_project C:/Users/dylma/Documents/GitHub/CISC24/CISC24/CISC24.xpr
INFO: [Project 1-313] Project file moved from 'C:/Users/julia/Documents/GitHub/CISC24/CISC24' since last save.
Scanning sources...
Finished scanning sources
INFO: [IP_Flow 19-234] Refreshing IP repositories
INFO: [IP_Flow 19-1704] No user IP repositories specified
INFO: [IP_Flow 19-2313] Loaded Vivado IP repository 'C:/Xilinx/Vivado/2019.2/data/ip'.
open_project: Time (s): cpu = 00:00:16 ; elapsed = 00:00:08 . Memory (MB): peak = 740.105 ; gain = 114.754
update_compile_order -fileset sources_1
close [ open C:/Users/dylma/Documents/GitHub/CISC24/CISC24/CISC24.srcs/sources_1/new/InputReader.vhd w ]
add_files C:/Users/dylma/Documents/GitHub/CISC24/CISC24/CISC24.srcs/sources_1/new/InputReader.vhd
update_compile_order -fileset sources_1
exit
INFO: [Common 17-206] Exiting Vivado at Sat Apr  4 18:46:28 2020...
