#-----------------------------------------------------------
# Vivado v2019.2 (64-bit)
# SW Build 2708876 on Wed Nov  6 21:40:23 MST 2019
# IP Build 2700528 on Thu Nov  7 00:09:20 MST 2019
# Start of session at: Tue Mar 10 16:59:21 2020
# Process ID: 3268
# Current directory: C:/Users/dylma/OneDrive/Documents/UMD 2019-2020 Spring/ECE 368/CISC24/CISC24
# Command line: vivado.exe -gui_launcher_event rodinguilauncherevent14292 C:\Users\dylma\OneDrive\Documents\UMD 2019-2020 Spring\ECE 368\CISC24\CISC24\CISC24.xpr
# Log file: C:/Users/dylma/OneDrive/Documents/UMD 2019-2020 Spring/ECE 368/CISC24/CISC24/vivado.log
# Journal file: C:/Users/dylma/OneDrive/Documents/UMD 2019-2020 Spring/ECE 368/CISC24/CISC24\vivado.jou
#-----------------------------------------------------------
start_gui
open_project {C:/Users/dylma/OneDrive/Documents/UMD 2019-2020 Spring/ECE 368/CISC24/CISC24/CISC24.xpr}
Scanning sources...
Finished scanning sources
INFO: [IP_Flow 19-234] Refreshing IP repositories
INFO: [IP_Flow 19-1704] No user IP repositories specified
INFO: [IP_Flow 19-2313] Loaded Vivado IP repository 'C:/Xilinx/Vivado/2019.2/data/ip'.
open_project: Time (s): cpu = 00:00:14 ; elapsed = 00:00:07 . Memory (MB): peak = 898.641 ; gain = 227.723
update_compile_order -fileset sources_1
exit
INFO: [Common 17-206] Exiting Vivado at Tue Mar 10 17:00:42 2020...
