#-----------------------------------------------------------
# Vivado v2019.2 (64-bit)
# SW Build 2708876 on Wed Nov  6 21:40:23 MST 2019
# IP Build 2700528 on Thu Nov  7 00:09:20 MST 2019
# Start of session at: Thu Mar  5 16:39:32 2020
# Process ID: 16272
# Current directory: C:/Users/dylma/OneDrive/Documents/UMD 2019-2020 Spring/ECE 368/CISC24/CISC24
# Command line: vivado.exe -gui_launcher_event rodinguilauncherevent2260 C:\Users\dylma\OneDrive\Documents\UMD 2019-2020 Spring\ECE 368\CISC24\CISC24\CISC24.xpr
# Log file: C:/Users/dylma/OneDrive/Documents/UMD 2019-2020 Spring/ECE 368/CISC24/CISC24/vivado.log
# Journal file: C:/Users/dylma/OneDrive/Documents/UMD 2019-2020 Spring/ECE 368/CISC24/CISC24\vivado.jou
#-----------------------------------------------------------
start_gui
open_project {C:/Users/dylma/OneDrive/Documents/UMD 2019-2020 Spring/ECE 368/CISC24/CISC24/CISC24.xpr}
Scanning sources...
Finished scanning sources
INFO: [IP_Flow 19-234] Refreshing IP repositories
INFO: [IP_Flow 19-1704] No user IP repositories specified
INFO: [IP_Flow 19-2313] Loaded Vivado IP repository 'C:/Xilinx/Vivado/2019.2/data/ip'.
open_project: Time (s): cpu = 00:00:16 ; elapsed = 00:00:07 . Memory (MB): peak = 908.203 ; gain = 206.617
update_compile_order -fileset sources_1
synth_design -rtl -name rtl_1
Command: synth_design -rtl -name rtl_1
Starting synth_design
Using part: xc7a100tcsg324-1
Top: regBank
INFO: [Device 21-403] Loading part xc7a100tcsg324-1
---------------------------------------------------------------------------------
Starting RTL Elaboration : Time (s): cpu = 00:00:04 ; elapsed = 00:00:05 . Memory (MB): peak = 1415.969 ; gain = 179.379
---------------------------------------------------------------------------------
INFO: [Synth 8-638] synthesizing module 'regBank' [C:/Users/dylma/OneDrive/Documents/UMD 2019-2020 Spring/ECE 368/CISC24/CISC24/CISC24.srcs/sources_1/new/regBank.vhd:45]
INFO: [Synth 8-3491] module 'reg_24bit' declared at 'C:/Users/dylma/OneDrive/Documents/UMD 2019-2020 Spring/ECE 368/CISC24/CISC24/CISC24.srcs/sources_1/new/reg_24bit.vhd:34' bound to instance 'reg0' of component 'reg_24bit' [C:/Users/dylma/OneDrive/Documents/UMD 2019-2020 Spring/ECE 368/CISC24/CISC24/CISC24.srcs/sources_1/new/regBank.vhd:58]
INFO: [Synth 8-638] synthesizing module 'reg_24bit' [C:/Users/dylma/OneDrive/Documents/UMD 2019-2020 Spring/ECE 368/CISC24/CISC24/CISC24.srcs/sources_1/new/reg_24bit.vhd:44]
WARNING: [Synth 8-614] signal 'D_IN' is read in the process but is not in the sensitivity list [C:/Users/dylma/OneDrive/Documents/UMD 2019-2020 Spring/ECE 368/CISC24/CISC24/CISC24.srcs/sources_1/new/reg_24bit.vhd:46]
INFO: [Synth 8-256] done synthesizing module 'reg_24bit' (1#1) [C:/Users/dylma/OneDrive/Documents/UMD 2019-2020 Spring/ECE 368/CISC24/CISC24/CISC24.srcs/sources_1/new/reg_24bit.vhd:44]
INFO: [Synth 8-3491] module 'reg_24bit' declared at 'C:/Users/dylma/OneDrive/Documents/UMD 2019-2020 Spring/ECE 368/CISC24/CISC24/CISC24.srcs/sources_1/new/reg_24bit.vhd:34' bound to instance 'reg1' of component 'reg_24bit' [C:/Users/dylma/OneDrive/Documents/UMD 2019-2020 Spring/ECE 368/CISC24/CISC24/CISC24.srcs/sources_1/new/regBank.vhd:65]
INFO: [Synth 8-3491] module 'reg_24bit' declared at 'C:/Users/dylma/OneDrive/Documents/UMD 2019-2020 Spring/ECE 368/CISC24/CISC24/CISC24.srcs/sources_1/new/reg_24bit.vhd:34' bound to instance 'reg2' of component 'reg_24bit' [C:/Users/dylma/OneDrive/Documents/UMD 2019-2020 Spring/ECE 368/CISC24/CISC24/CISC24.srcs/sources_1/new/regBank.vhd:72]
INFO: [Synth 8-3491] module 'reg_24bit' declared at 'C:/Users/dylma/OneDrive/Documents/UMD 2019-2020 Spring/ECE 368/CISC24/CISC24/CISC24.srcs/sources_1/new/reg_24bit.vhd:34' bound to instance 'reg3' of component 'reg_24bit' [C:/Users/dylma/OneDrive/Documents/UMD 2019-2020 Spring/ECE 368/CISC24/CISC24/CISC24.srcs/sources_1/new/regBank.vhd:79]
INFO: [Synth 8-3491] module 'reg_24bit' declared at 'C:/Users/dylma/OneDrive/Documents/UMD 2019-2020 Spring/ECE 368/CISC24/CISC24/CISC24.srcs/sources_1/new/reg_24bit.vhd:34' bound to instance 'reg4' of component 'reg_24bit' [C:/Users/dylma/OneDrive/Documents/UMD 2019-2020 Spring/ECE 368/CISC24/CISC24/CISC24.srcs/sources_1/new/regBank.vhd:86]
INFO: [Synth 8-3491] module 'reg_24bit' declared at 'C:/Users/dylma/OneDrive/Documents/UMD 2019-2020 Spring/ECE 368/CISC24/CISC24/CISC24.srcs/sources_1/new/reg_24bit.vhd:34' bound to instance 'reg5' of component 'reg_24bit' [C:/Users/dylma/OneDrive/Documents/UMD 2019-2020 Spring/ECE 368/CISC24/CISC24/CISC24.srcs/sources_1/new/regBank.vhd:93]
INFO: [Synth 8-3491] module 'reg_24bit' declared at 'C:/Users/dylma/OneDrive/Documents/UMD 2019-2020 Spring/ECE 368/CISC24/CISC24/CISC24.srcs/sources_1/new/reg_24bit.vhd:34' bound to instance 'reg6' of component 'reg_24bit' [C:/Users/dylma/OneDrive/Documents/UMD 2019-2020 Spring/ECE 368/CISC24/CISC24/CISC24.srcs/sources_1/new/regBank.vhd:100]
INFO: [Synth 8-3491] module 'reg_24bit' declared at 'C:/Users/dylma/OneDrive/Documents/UMD 2019-2020 Spring/ECE 368/CISC24/CISC24/CISC24.srcs/sources_1/new/reg_24bit.vhd:34' bound to instance 'reg7' of component 'reg_24bit' [C:/Users/dylma/OneDrive/Documents/UMD 2019-2020 Spring/ECE 368/CISC24/CISC24/CISC24.srcs/sources_1/new/regBank.vhd:107]
INFO: [Synth 8-226] default block is never used [C:/Users/dylma/OneDrive/Documents/UMD 2019-2020 Spring/ECE 368/CISC24/CISC24/CISC24.srcs/sources_1/new/regBank.vhd:119]
INFO: [Synth 8-226] default block is never used [C:/Users/dylma/OneDrive/Documents/UMD 2019-2020 Spring/ECE 368/CISC24/CISC24/CISC24.srcs/sources_1/new/regBank.vhd:143]
INFO: [Synth 8-226] default block is never used [C:/Users/dylma/OneDrive/Documents/UMD 2019-2020 Spring/ECE 368/CISC24/CISC24/CISC24.srcs/sources_1/new/regBank.vhd:165]
WARNING: [Synth 8-614] signal 'RB_addr' is read in the process but is not in the sensitivity list [C:/Users/dylma/OneDrive/Documents/UMD 2019-2020 Spring/ECE 368/CISC24/CISC24/CISC24.srcs/sources_1/new/regBank.vhd:115]
WARNING: [Synth 8-614] signal 'regOutput0' is read in the process but is not in the sensitivity list [C:/Users/dylma/OneDrive/Documents/UMD 2019-2020 Spring/ECE 368/CISC24/CISC24/CISC24.srcs/sources_1/new/regBank.vhd:115]
WARNING: [Synth 8-614] signal 'regOutput1' is read in the process but is not in the sensitivity list [C:/Users/dylma/OneDrive/Documents/UMD 2019-2020 Spring/ECE 368/CISC24/CISC24/CISC24.srcs/sources_1/new/regBank.vhd:115]
WARNING: [Synth 8-614] signal 'regOutput2' is read in the process but is not in the sensitivity list [C:/Users/dylma/OneDrive/Documents/UMD 2019-2020 Spring/ECE 368/CISC24/CISC24/CISC24.srcs/sources_1/new/regBank.vhd:115]
WARNING: [Synth 8-614] signal 'regOutput3' is read in the process but is not in the sensitivity list [C:/Users/dylma/OneDrive/Documents/UMD 2019-2020 Spring/ECE 368/CISC24/CISC24/CISC24.srcs/sources_1/new/regBank.vhd:115]
WARNING: [Synth 8-614] signal 'regOutput4' is read in the process but is not in the sensitivity list [C:/Users/dylma/OneDrive/Documents/UMD 2019-2020 Spring/ECE 368/CISC24/CISC24/CISC24.srcs/sources_1/new/regBank.vhd:115]
WARNING: [Synth 8-614] signal 'regOutput5' is read in the process but is not in the sensitivity list [C:/Users/dylma/OneDrive/Documents/UMD 2019-2020 Spring/ECE 368/CISC24/CISC24/CISC24.srcs/sources_1/new/regBank.vhd:115]
WARNING: [Synth 8-614] signal 'regOutput6' is read in the process but is not in the sensitivity list [C:/Users/dylma/OneDrive/Documents/UMD 2019-2020 Spring/ECE 368/CISC24/CISC24/CISC24.srcs/sources_1/new/regBank.vhd:115]
WARNING: [Synth 8-614] signal 'regOutput7' is read in the process but is not in the sensitivity list [C:/Users/dylma/OneDrive/Documents/UMD 2019-2020 Spring/ECE 368/CISC24/CISC24/CISC24.srcs/sources_1/new/regBank.vhd:115]
WARNING: [Synth 8-614] signal 'RW' is read in the process but is not in the sensitivity list [C:/Users/dylma/OneDrive/Documents/UMD 2019-2020 Spring/ECE 368/CISC24/CISC24/CISC24.srcs/sources_1/new/regBank.vhd:115]
WARNING: [Synth 8-614] signal 'RA_addr' is read in the process but is not in the sensitivity list [C:/Users/dylma/OneDrive/Documents/UMD 2019-2020 Spring/ECE 368/CISC24/CISC24/CISC24.srcs/sources_1/new/regBank.vhd:115]
INFO: [Synth 8-256] done synthesizing module 'regBank' (2#1) [C:/Users/dylma/OneDrive/Documents/UMD 2019-2020 Spring/ECE 368/CISC24/CISC24/CISC24.srcs/sources_1/new/regBank.vhd:45]
WARNING: [Synth 8-3331] design reg_24bit has unconnected port CLK
WARNING: [Synth 8-3331] design regBank has unconnected port toggle
---------------------------------------------------------------------------------
Finished RTL Elaboration : Time (s): cpu = 00:00:05 ; elapsed = 00:00:06 . Memory (MB): peak = 1462.629 ; gain = 226.039
---------------------------------------------------------------------------------

Report Check Netlist: 
+------+------------------+-------+---------+-------+------------------+
|      |Item              |Errors |Warnings |Status |Description       |
+------+------------------+-------+---------+-------+------------------+
|1     |multi_driven_nets |      0|        0|Passed |Multi driven nets |
+------+------------------+-------+---------+-------+------------------+
---------------------------------------------------------------------------------
Start Handling Custom Attributes
---------------------------------------------------------------------------------
---------------------------------------------------------------------------------
Finished Handling Custom Attributes : Time (s): cpu = 00:00:06 ; elapsed = 00:00:07 . Memory (MB): peak = 1462.629 ; gain = 226.039
---------------------------------------------------------------------------------
---------------------------------------------------------------------------------
Finished RTL Optimization Phase 1 : Time (s): cpu = 00:00:06 ; elapsed = 00:00:07 . Memory (MB): peak = 1462.629 ; gain = 226.039
---------------------------------------------------------------------------------
Netlist sorting complete. Time (s): cpu = 00:00:00 ; elapsed = 00:00:00.006 . Memory (MB): peak = 1462.629 ; gain = 0.000
INFO: [Project 1-570] Preparing netlist for logic optimization

Processing XDC Constraints
Initializing timing engine
Parsing XDC File [C:/Users/dylma/OneDrive/Documents/UMD 2019-2020 Spring/ECE 368/CISC24/CISC24/CISC24.srcs/sources_1/new/Nexys-4-DDR-Master.xdc]
WARNING: [Vivado 12-584] No ports matched 'CA'. [C:/Users/dylma/OneDrive/Documents/UMD 2019-2020 Spring/ECE 368/CISC24/CISC24/CISC24.srcs/sources_1/new/Nexys-4-DDR-Master.xdc:60]
CRITICAL WARNING: [Common 17-55] 'set_property' expects at least one object. [C:/Users/dylma/OneDrive/Documents/UMD 2019-2020 Spring/ECE 368/CISC24/CISC24/CISC24.srcs/sources_1/new/Nexys-4-DDR-Master.xdc:60]
Resolution: If [get_<value>] was used to populate the object, check to make sure this command returns at least one valid object.
WARNING: [Vivado 12-584] No ports matched 'CB'. [C:/Users/dylma/OneDrive/Documents/UMD 2019-2020 Spring/ECE 368/CISC24/CISC24/CISC24.srcs/sources_1/new/Nexys-4-DDR-Master.xdc:61]
CRITICAL WARNING: [Common 17-55] 'set_property' expects at least one object. [C:/Users/dylma/OneDrive/Documents/UMD 2019-2020 Spring/ECE 368/CISC24/CISC24/CISC24.srcs/sources_1/new/Nexys-4-DDR-Master.xdc:61]
Resolution: If [get_<value>] was used to populate the object, check to make sure this command returns at least one valid object.
WARNING: [Vivado 12-584] No ports matched 'CC'. [C:/Users/dylma/OneDrive/Documents/UMD 2019-2020 Spring/ECE 368/CISC24/CISC24/CISC24.srcs/sources_1/new/Nexys-4-DDR-Master.xdc:62]
CRITICAL WARNING: [Common 17-55] 'set_property' expects at least one object. [C:/Users/dylma/OneDrive/Documents/UMD 2019-2020 Spring/ECE 368/CISC24/CISC24/CISC24.srcs/sources_1/new/Nexys-4-DDR-Master.xdc:62]
Resolution: If [get_<value>] was used to populate the object, check to make sure this command returns at least one valid object.
WARNING: [Vivado 12-584] No ports matched 'CD'. [C:/Users/dylma/OneDrive/Documents/UMD 2019-2020 Spring/ECE 368/CISC24/CISC24/CISC24.srcs/sources_1/new/Nexys-4-DDR-Master.xdc:63]
CRITICAL WARNING: [Common 17-55] 'set_property' expects at least one object. [C:/Users/dylma/OneDrive/Documents/UMD 2019-2020 Spring/ECE 368/CISC24/CISC24/CISC24.srcs/sources_1/new/Nexys-4-DDR-Master.xdc:63]
Resolution: If [get_<value>] was used to populate the object, check to make sure this command returns at least one valid object.
WARNING: [Vivado 12-584] No ports matched 'CE'. [C:/Users/dylma/OneDrive/Documents/UMD 2019-2020 Spring/ECE 368/CISC24/CISC24/CISC24.srcs/sources_1/new/Nexys-4-DDR-Master.xdc:64]
CRITICAL WARNING: [Common 17-55] 'set_property' expects at least one object. [C:/Users/dylma/OneDrive/Documents/UMD 2019-2020 Spring/ECE 368/CISC24/CISC24/CISC24.srcs/sources_1/new/Nexys-4-DDR-Master.xdc:64]
Resolution: If [get_<value>] was used to populate the object, check to make sure this command returns at least one valid object.
WARNING: [Vivado 12-584] No ports matched 'CF'. [C:/Users/dylma/OneDrive/Documents/UMD 2019-2020 Spring/ECE 368/CISC24/CISC24/CISC24.srcs/sources_1/new/Nexys-4-DDR-Master.xdc:65]
CRITICAL WARNING: [Common 17-55] 'set_property' expects at least one object. [C:/Users/dylma/OneDrive/Documents/UMD 2019-2020 Spring/ECE 368/CISC24/CISC24/CISC24.srcs/sources_1/new/Nexys-4-DDR-Master.xdc:65]
Resolution: If [get_<value>] was used to populate the object, check to make sure this command returns at least one valid object.
WARNING: [Vivado 12-584] No ports matched 'CG'. [C:/Users/dylma/OneDrive/Documents/UMD 2019-2020 Spring/ECE 368/CISC24/CISC24/CISC24.srcs/sources_1/new/Nexys-4-DDR-Master.xdc:66]
CRITICAL WARNING: [Common 17-55] 'set_property' expects at least one object. [C:/Users/dylma/OneDrive/Documents/UMD 2019-2020 Spring/ECE 368/CISC24/CISC24/CISC24.srcs/sources_1/new/Nexys-4-DDR-Master.xdc:66]
Resolution: If [get_<value>] was used to populate the object, check to make sure this command returns at least one valid object.
WARNING: [Vivado 12-584] No ports matched 'DP'. [C:/Users/dylma/OneDrive/Documents/UMD 2019-2020 Spring/ECE 368/CISC24/CISC24/CISC24.srcs/sources_1/new/Nexys-4-DDR-Master.xdc:68]
CRITICAL WARNING: [Common 17-55] 'set_property' expects at least one object. [C:/Users/dylma/OneDrive/Documents/UMD 2019-2020 Spring/ECE 368/CISC24/CISC24/CISC24.srcs/sources_1/new/Nexys-4-DDR-Master.xdc:68]
Resolution: If [get_<value>] was used to populate the object, check to make sure this command returns at least one valid object.
WARNING: [Vivado 12-584] No ports matched 'AN[0]'. [C:/Users/dylma/OneDrive/Documents/UMD 2019-2020 Spring/ECE 368/CISC24/CISC24/CISC24.srcs/sources_1/new/Nexys-4-DDR-Master.xdc:70]
CRITICAL WARNING: [Common 17-55] 'set_property' expects at least one object. [C:/Users/dylma/OneDrive/Documents/UMD 2019-2020 Spring/ECE 368/CISC24/CISC24/CISC24.srcs/sources_1/new/Nexys-4-DDR-Master.xdc:70]
Resolution: If [get_<value>] was used to populate the object, check to make sure this command returns at least one valid object.
WARNING: [Vivado 12-584] No ports matched 'AN[1]'. [C:/Users/dylma/OneDrive/Documents/UMD 2019-2020 Spring/ECE 368/CISC24/CISC24/CISC24.srcs/sources_1/new/Nexys-4-DDR-Master.xdc:71]
CRITICAL WARNING: [Common 17-55] 'set_property' expects at least one object. [C:/Users/dylma/OneDrive/Documents/UMD 2019-2020 Spring/ECE 368/CISC24/CISC24/CISC24.srcs/sources_1/new/Nexys-4-DDR-Master.xdc:71]
Resolution: If [get_<value>] was used to populate the object, check to make sure this command returns at least one valid object.
WARNING: [Vivado 12-584] No ports matched 'AN[2]'. [C:/Users/dylma/OneDrive/Documents/UMD 2019-2020 Spring/ECE 368/CISC24/CISC24/CISC24.srcs/sources_1/new/Nexys-4-DDR-Master.xdc:72]
CRITICAL WARNING: [Common 17-55] 'set_property' expects at least one object. [C:/Users/dylma/OneDrive/Documents/UMD 2019-2020 Spring/ECE 368/CISC24/CISC24/CISC24.srcs/sources_1/new/Nexys-4-DDR-Master.xdc:72]
Resolution: If [get_<value>] was used to populate the object, check to make sure this command returns at least one valid object.
WARNING: [Vivado 12-584] No ports matched 'AN[3]'. [C:/Users/dylma/OneDrive/Documents/UMD 2019-2020 Spring/ECE 368/CISC24/CISC24/CISC24.srcs/sources_1/new/Nexys-4-DDR-Master.xdc:73]
CRITICAL WARNING: [Common 17-55] 'set_property' expects at least one object. [C:/Users/dylma/OneDrive/Documents/UMD 2019-2020 Spring/ECE 368/CISC24/CISC24/CISC24.srcs/sources_1/new/Nexys-4-DDR-Master.xdc:73]
Resolution: If [get_<value>] was used to populate the object, check to make sure this command returns at least one valid object.
WARNING: [Vivado 12-584] No ports matched 'AN[4]'. [C:/Users/dylma/OneDrive/Documents/UMD 2019-2020 Spring/ECE 368/CISC24/CISC24/CISC24.srcs/sources_1/new/Nexys-4-DDR-Master.xdc:74]
CRITICAL WARNING: [Common 17-55] 'set_property' expects at least one object. [C:/Users/dylma/OneDrive/Documents/UMD 2019-2020 Spring/ECE 368/CISC24/CISC24/CISC24.srcs/sources_1/new/Nexys-4-DDR-Master.xdc:74]
Resolution: If [get_<value>] was used to populate the object, check to make sure this command returns at least one valid object.
WARNING: [Vivado 12-584] No ports matched 'AN[5]'. [C:/Users/dylma/OneDrive/Documents/UMD 2019-2020 Spring/ECE 368/CISC24/CISC24/CISC24.srcs/sources_1/new/Nexys-4-DDR-Master.xdc:75]
CRITICAL WARNING: [Common 17-55] 'set_property' expects at least one object. [C:/Users/dylma/OneDrive/Documents/UMD 2019-2020 Spring/ECE 368/CISC24/CISC24/CISC24.srcs/sources_1/new/Nexys-4-DDR-Master.xdc:75]
Resolution: If [get_<value>] was used to populate the object, check to make sure this command returns at least one valid object.
WARNING: [Vivado 12-584] No ports matched 'AN[6]'. [C:/Users/dylma/OneDrive/Documents/UMD 2019-2020 Spring/ECE 368/CISC24/CISC24/CISC24.srcs/sources_1/new/Nexys-4-DDR-Master.xdc:76]
CRITICAL WARNING: [Common 17-55] 'set_property' expects at least one object. [C:/Users/dylma/OneDrive/Documents/UMD 2019-2020 Spring/ECE 368/CISC24/CISC24/CISC24.srcs/sources_1/new/Nexys-4-DDR-Master.xdc:76]
Resolution: If [get_<value>] was used to populate the object, check to make sure this command returns at least one valid object.
WARNING: [Vivado 12-584] No ports matched 'AN[7]'. [C:/Users/dylma/OneDrive/Documents/UMD 2019-2020 Spring/ECE 368/CISC24/CISC24/CISC24.srcs/sources_1/new/Nexys-4-DDR-Master.xdc:77]
CRITICAL WARNING: [Common 17-55] 'set_property' expects at least one object. [C:/Users/dylma/OneDrive/Documents/UMD 2019-2020 Spring/ECE 368/CISC24/CISC24/CISC24.srcs/sources_1/new/Nexys-4-DDR-Master.xdc:77]
Resolution: If [get_<value>] was used to populate the object, check to make sure this command returns at least one valid object.
Finished Parsing XDC File [C:/Users/dylma/OneDrive/Documents/UMD 2019-2020 Spring/ECE 368/CISC24/CISC24/CISC24.srcs/sources_1/new/Nexys-4-DDR-Master.xdc]
Completed Processing XDC Constraints

INFO: [Opt 31-138] Pushed 0 inverter(s) to 0 load pin(s).
Netlist sorting complete. Time (s): cpu = 00:00:00 ; elapsed = 00:00:00 . Memory (MB): peak = 1537.527 ; gain = 0.000
INFO: [Project 1-111] Unisim Transformation Summary:
No Unisim elements were transformed.

RTL Elaboration Complete:  : Time (s): cpu = 00:00:17 ; elapsed = 00:00:12 . Memory (MB): peak = 1598.035 ; gain = 361.445
19 Infos, 30 Warnings, 16 Critical Warnings and 0 Errors encountered.
synth_design completed successfully
synth_design: Time (s): cpu = 00:00:23 ; elapsed = 00:00:18 . Memory (MB): peak = 1598.035 ; gain = 646.227
exit
INFO: [Common 17-206] Exiting Vivado at Thu Mar  5 16:43:05 2020...
