Vivado Simulator 2019.2
Copyright 1986-1999, 2001-2019 Xilinx, Inc. All Rights Reserved.
Running: C:/Xilinx/Vivado/2019.2/bin/unwrapped/win64.o/xelab.exe -wto 7184eefdd5494e9da972b82681291619 --incr --debug typical --relax --mt 2 -L xil_defaultlib -L secureip --snapshot ALU_tb_vhd_behav xil_defaultlib.ALU_tb_vhd -log elaborate.log 
Using 2 slave threads.
Starting static elaboration
Completed static elaboration
Starting simulation data flow analysis
Completed simulation data flow analysis
Time Resolution for simulation is 1ps
Compiling package std.standard
Compiling package std.textio
Compiling package ieee.std_logic_1164
Compiling package ieee.std_logic_arith
Compiling package ieee.std_logic_unsigned
Compiling package ieee.numeric_std
Compiling architecture combinational of entity xil_defaultlib.Logic_Unit [logic_unit_default]
Compiling architecture combinational of entity xil_defaultlib.Arith_Unit [arith_unit_default]
Compiling architecture combinational of entity xil_defaultlib.ALU_Shift_Unit [alu_shift_unit_default]
Compiling architecture behavioral of entity xil_defaultlib.Load_Store_Unit [load_store_unit_default]
Compiling architecture combinational of entity xil_defaultlib.ALU_Mux [alu_mux_default]
Compiling architecture behavioral of entity xil_defaultlib.ALU [alu_default]
Compiling architecture behavior of entity xil_defaultlib.alu_tb_vhd
Built simulation snapshot ALU_tb_vhd_behav
